# JRE version: OpenJDK Runtime Environment Temurin-21.0.12.1+1 (21.0.12.1+1) (build 21.0.12.1+1-LTS)
# Java VM: OpenJDK 64-Bit Server VM Temurin-21.0.12.1+1 (21.0.12.1+1-LTS, mixed mode, sharing, tiered, compressed oops, compressed class ptrs, g1 gc, windows-amd64)
GC Precious Log:
 CardTable entry size: 512
 Card Set container configuration: InlinePtr #cards 5 size 8 Array Of Cards #cards 12 size 40 Howl #buckets 4 coarsen threshold 1843 Howl Bitmap #cards 512 size 80 coarsen threshold 460 Card regions per heap region 1 cards per card region 2048
 CPUs: 8 total, 8 available
 Memory: 7975M
 Large Page Support: Disabled
 NUMA Support: Disabled
 Compressed Oops: Enabled (32-bit)
 Heap Region Size: 1M
 Heap Min Capacity: 8M
 Heap Initial Capacity: 126M
 Heap Max Capacity: 2G
 Pre-touch: Disabled
 Parallel Workers: 8
 Concurrent Workers: 2
 Concurrent Refinement Workers: 8
 Periodic GC: Disabled
Heap:
 garbage-first heap   total 86016K, used 29648K [0x0000000080000000, 0x0000000100000000)
  region size 1024K, 3 young (3072K), 3 survivors (3072K)
 Metaspace       used 33471K, committed 34816K, reserved 491520K
  class space    used 4948K, committed 5568K, reserved 425984K
GC Heap History (15 events):
Event: 12.860 GC heap before
{Heap before GC invocations=0 (full 0):
 garbage-first heap   total 129024K, used 23552K [0x0000000080000000, 0x0000000100000000)
  region size 1024K, 23 young (23552K), 0 survivors (0K)
 Metaspace       used 887K, committed 1024K, reserved 491520K
  class space    used 70K, committed 128K, reserved 425984K
}
Event: 15.597 GC heap after
{Heap after GC invocations=1 (full 0):
 garbage-first heap   total 129024K, used 1535K [0x0000000080000000, 0x0000000100000000)
  region size 1024K, 2 young (2048K), 2 survivors (2048K)
 Metaspace       used 887K, committed 1024K, reserved 491520K
  class space    used 70K, committed 128K, reserved 425984K
}
Event: 31.029 GC heap before
{Heap before GC invocations=1 (full 0):
 garbage-first heap   total 129024K, used 41471K [0x0000000080000000, 0x0000000100000000)
  region size 1024K, 37 young (37888K), 2 survivors (2048K)
 Metaspace       used 4591K, committed 4864K, reserved 491520K
  class space    used 585K, committed 704K, reserved 425984K
}
Event: 31.042 GC heap after
{Heap after GC invocations=2 (full 0):
 garbage-first heap   total 129024K, used 11425K [0x0000000080000000, 0x0000000100000000)
  region size 1024K, 5 young (5120K), 5 survivors (5120K)
 Metaspace       used 4591K, committed 4864K, reserved 491520K
  class space    used 585K, committed 704K, reserved 425984K
}
Event: 81.389 GC heap before
{Heap before GC invocations=2 (full 0):
 garbage-first heap   total 129024K, used 85153K [0x0000000080000000, 0x0000000100000000)
  region size 1024K, 75 young (76800K), 5 survivors (5120K)
 Metaspace       used 10060K, committed 10368K, reserved 491520K
  class space    used 1344K, committed 1472K, reserved 425984K
}
Event: 81.954 GC heap after
{Heap after GC invocations=3 (full 0):
 garbage-first heap   total 129024K, used 19761K [0x0000000080000000, 0x0000000100000000)
  region size 1024K, 10 young (10240K), 10 survivors (10240K)
 Metaspace       used 10060K, committed 10368K, reserved 491520K
  class space    used 1344K, committed 1472K, reserved 425984K
}
Event: 200.098 GC heap before
{Heap before GC invocations=3 (full 0):
 garbage-first heap   total 129024K, used 87345K [0x0000000080000000, 0x0000000100000000)
  region size 1024K, 75 young (76800K), 10 survivors (10240K)
 Metaspace       used 20268K, committed 20992K, reserved 491520K
  class space    used 2754K, committed 3072K, reserved 425984K
}
Event: 200.197 GC heap after
{Heap after GC invocations=4 (full 0):
 garbage-first heap   total 129024K, used 24487K [0x0000000080000000, 0x0000000100000000)
  region size 1024K, 5 young (5120K), 5 survivors (5120K)
 Metaspace       used 20268K, committed 20992K, reserved 491520K
  class space    used 2754K, committed 3072K, reserved 425984K
}
Event: 202.690 GC heap before
{Heap before GC invocations=4 (full 0):
 garbage-first heap   total 129024K, used 28583K [0x0000000080000000, 0x0000000100000000)
  region size 1024K, 10 young (10240K), 5 survivors (5120K)
 Metaspace       used 20852K, committed 21504K, reserved 491520K
  class space    used 2848K, committed 3200K, reserved 425984K
}
Event: 202.710 GC heap after
{Heap after GC invocations=5 (full 0):
 garbage-first heap   total 129024K, used 24404K [0x0000000080000000, 0x0000000100000000)
  region size 1024K, 5 young (5120K), 5 survivors (5120K)
 Metaspace       used 20852K, committed 21504K, reserved 491520K
  class space    used 2848K, committed 3200K, reserved 425984K
}
Event: 221.197 GC heap before
{Heap before GC invocations=6 (full 0):
 garbage-first heap   total 86016K, used 70484K [0x0000000080000000, 0x0000000100000000)
  region size 1024K, 50 young (51200K), 5 survivors (5120K)
 Metaspace       used 26562K, committed 27584K, reserved 491520K
  class space    used 3813K, committed 4288K, reserved 425984K
}
Event: 221.226 GC heap after
{Heap after GC invocations=7 (full 0):
 garbage-first heap   total 86016K, used 26807K [0x0000000080000000, 0x0000000100000000)
  region size 1024K, 4 young (4096K), 4 survivors (4096K)
 Metaspace       used 26562K, committed 27584K, reserved 491520K
  class space    used 3813K, committed 4288K, reserved 425984K
}
Event: 242.145 GC heap before
{Heap before GC invocations=7 (full 0):
 garbage-first heap   total 86016K, used 70839K [0x0000000080000000, 0x0000000100000000)
  region size 1024K, 47 young (48128K), 4 survivors (4096K)
 Metaspace       used 31827K, committed 33152K, reserved 491520K
  class space    used 4686K, committed 5312K, reserved 425984K
}
Event: 242.718 GC heap after
{Heap after GC invocations=8 (full 0):
 garbage-first heap   total 86016K, used 29179K [0x0000000080000000, 0x0000000100000000)
  region size 1024K, 6 young (6144K), 6 survivors (6144K)
 Metaspace       used 31827K, committed 33152K, reserved 491520K
  class space    used 4686K, committed 5312K, reserved 425984K
}
Event: 702.893 GC heap before
{Heap before GC invocations=8 (full 0):
 garbage-first heap   total 86016K, used 72187K [0x0000000080000000, 0x0000000100000000)
  region size 1024K, 48 young (49152K), 6 survivors (6144K)
 Metaspace       used 33471K, committed 34816K, reserved 491520K
  class space    used 4948K, committed 5568K, reserved 425984K
}

