# JRE version: OpenJDK Runtime Environment Temurin-21.0.12.1+1 (21.0.12.1+1) (build 21.0.12.1+1-LTS)
# Java VM: OpenJDK 64-Bit Server VM Temurin-21.0.12.1+1 (21.0.12.1+1-LTS, mixed mode, sharing, tiered, compressed oops, compressed class ptrs, g1 gc, windows-amd64)
GC Precious Log:
 CardTable entry size: 512
 Card Set container configuration: InlinePtr #cards 5 size 8 Array Of Cards #cards 12 size 40 Howl #buckets 4 coarsen threshold 1843 Howl Bitmap #cards 512 size 80 coarsen threshold 460 Card regions per heap region 1 cards per card region 2048
 CPUs: 8 total, 8 available
 Memory: 7975M
 Large Page Support: Disabled
 NUMA Support: Disabled
 Compressed Oops: Enabled (32-bit)
 Heap Region Size: 1M
 Heap Min Capacity: 8M
 Heap Initial Capacity: 126M
 Heap Max Capacity: 2G
 Pre-touch: Disabled
 Parallel Workers: 8
 Concurrent Workers: 2
 Concurrent Refinement Workers: 8
 Periodic GC: Disabled
Heap:
 garbage-first heap   total 164864K, used 35309K [0x0000000080000000, 0x0000000100000000)
  region size 1024K, 1 young (1024K), 1 survivors (1024K)
 Metaspace       used 40184K, committed 41792K, reserved 491520K
  class space    used 5845K, committed 6656K, reserved 425984K
GC Heap History (20 events):
Event: 316.624 GC heap after
{Heap after GC invocations=18 (full 0):
 garbage-first heap   total 164864K, used 28775K [0x0000000080000000, 0x0000000100000000)
  region size 1024K, 3 young (3072K), 3 survivors (3072K)
 Metaspace       used 29343K, committed 30464K, reserved 491520K
  class space    used 4255K, committed 4800K, reserved 425984K
}
Event: 322.101 GC heap before
{Heap before GC invocations=18 (full 0):
 garbage-first heap   total 164864K, used 42087K [0x0000000080000000, 0x0000000100000000)
  region size 1024K, 16 young (16384K), 3 survivors (3072K)
 Metaspace       used 30755K, committed 32000K, reserved 491520K
  class space    used 4504K, committed 5120K, reserved 425984K
}
Event: 322.107 GC heap after
{Heap after GC invocations=19 (full 0):
 garbage-first heap   total 164864K, used 29503K [0x0000000080000000, 0x0000000100000000)
  region size 1024K, 2 young (2048K), 2 survivors (2048K)
 Metaspace       used 30755K, committed 32000K, reserved 491520K
  class space    used 4504K, committed 5120K, reserved 425984K
}
Event: 484.678 GC heap before
{Heap before GC invocations=19 (full 0):
 garbage-first heap   total 164864K, used 64319K [0x0000000080000000, 0x0000000100000000)
  region size 1024K, 37 young (37888K), 2 survivors (2048K)
 Metaspace       used 34663K, committed 36032K, reserved 491520K
  class space    used 5041K, committed 5696K, reserved 425984K
}
Event: 484.718 GC heap after
{Heap after GC invocations=20 (full 0):
 garbage-first heap   total 164864K, used 30784K [0x0000000080000000, 0x0000000100000000)
  region size 1024K, 3 young (3072K), 3 survivors (3072K)
 Metaspace       used 34663K, committed 36032K, reserved 491520K
  class space    used 5041K, committed 5696K, reserved 425984K
}
Event: 484.799 GC heap before
{Heap before GC invocations=20 (full 0):
 garbage-first heap   total 164864K, used 30784K [0x0000000080000000, 0x0000000100000000)
  region size 1024K, 4 young (4096K), 3 survivors (3072K)
 Metaspace       used 34773K, committed 36096K, reserved 491520K
  class space    used 5051K, committed 5696K, reserved 425984K
}
Event: 484.811 GC heap after
{Heap after GC invocations=21 (full 0):
 garbage-first heap   total 164864K, used 30840K [0x0000000080000000, 0x0000000100000000)
  region size 1024K, 3 young (3072K), 3 survivors (3072K)
 Metaspace       used 34773K, committed 36096K, reserved 491520K
  class space    used 5051K, committed 5696K, reserved 425984K
}
Event: 605.227 GC heap before
{Heap before GC invocations=22 (full 0):
 garbage-first heap   total 106496K, used 75896K [0x0000000080000000, 0x0000000100000000)
  region size 1024K, 48 young (49152K), 3 survivors (3072K)
 Metaspace       used 39707K, committed 41280K, reserved 491520K
  class space    used 5774K, committed 6528K, reserved 425984K
}
Event: 612.687 GC heap after
{Heap after GC invocations=23 (full 0):
 garbage-first heap   total 106496K, used 35102K [0x0000000080000000, 0x0000000100000000)
  region size 1024K, 6 young (6144K), 6 survivors (6144K)
 Metaspace       used 39707K, committed 41280K, reserved 491520K
  class space    used 5774K, committed 6528K, reserved 425984K
}
Event: 622.402 GC heap before
{Heap before GC invocations=23 (full 0):
 garbage-first heap   total 106496K, used 36126K [0x0000000080000000, 0x0000000100000000)
  region size 1024K, 7 young (7168K), 6 survivors (6144K)
 Metaspace       used 39708K, committed 41280K, reserved 491520K
  class space    used 5774K, committed 6528K, reserved 425984K
}
Event: 626.034 GC heap after
{Heap after GC invocations=24 (full 0):
 garbage-first heap   total 106496K, used 35595K [0x0000000080000000, 0x0000000100000000)
  region size 1024K, 1 young (1024K), 1 survivors (1024K)
 Metaspace       used 39708K, committed 41280K, reserved 491520K
  class space    used 5774K, committed 6528K, reserved 425984K
}
Event: 648.226 GC heap before
{Heap before GC invocations=24 (full 0):
 garbage-first heap   total 106496K, used 38667K [0x0000000080000000, 0x0000000100000000)
  region size 1024K, 5 young (5120K), 1 survivors (1024K)
 Metaspace       used 39961K, committed 41536K, reserved 491520K
  class space    used 5810K, committed 6592K, reserved 425984K
}
Event: 648.229 GC heap after
{Heap after GC invocations=25 (full 0):
 garbage-first heap   total 106496K, used 35293K [0x0000000080000000, 0x0000000100000000)
  region size 1024K, 1 young (1024K), 1 survivors (1024K)
 Metaspace       used 39961K, committed 41536K, reserved 491520K
  class space    used 5810K, committed 6592K, reserved 425984K
}
Event: 652.461 GC heap before
{Heap before GC invocations=25 (full 0):
 garbage-first heap   total 106496K, used 39389K [0x0000000080000000, 0x0000000100000000)
  region size 1024K, 5 young (5120K), 1 survivors (1024K)
 Metaspace       used 40179K, committed 41792K, reserved 491520K
  class space    used 5844K, committed 6656K, reserved 425984K
}
Event: 652.465 GC heap after
{Heap after GC invocations=26 (full 0):
 garbage-first heap   total 106496K, used 35275K [0x0000000080000000, 0x0000000100000000)
  region size 1024K, 1 young (1024K), 1 survivors (1024K)
 Metaspace       used 40179K, committed 41792K, reserved 491520K
  class space    used 5844K, committed 6656K, reserved 425984K
}
Event: 652.576 GC heap before
{Heap before GC invocations=26 (full 0):
 garbage-first heap   total 106496K, used 39371K [0x0000000080000000, 0x0000000100000000)
  region size 1024K, 5 young (5120K), 1 survivors (1024K)
 Metaspace       used 40179K, committed 41792K, reserved 491520K
  class space    used 5844K, committed 6656K, reserved 425984K
}
Event: 652.578 GC heap after
{Heap after GC invocations=27 (full 0):
 garbage-first heap   total 106496K, used 35291K [0x0000000080000000, 0x0000000100000000)
  region size 1024K, 1 young (1024K), 1 survivors (1024K)
 Metaspace       used 40179K, committed 41792K, reserved 491520K
  class space    used 5844K, committed 6656K, reserved 425984K
}
Event: 652.694 GC heap before
{Heap before GC invocations=27 (full 0):
 garbage-first heap   total 106496K, used 40411K [0x0000000080000000, 0x0000000100000000)
  region size 1024K, 6 young (6144K), 1 survivors (1024K)
 Metaspace       used 40179K, committed 41792K, reserved 491520K
  class space    used 5844K, committed 6656K, reserved 425984K
}
Event: 652.696 GC heap after
{Heap after GC invocations=28 (full 0):
 garbage-first heap   total 106496K, used 35283K [0x0000000080000000, 0x0000000100000000)
  region size 1024K, 1 young (1024K), 1 survivors (1024K)
 Metaspace       used 40179K, committed 41792K, reserved 491520K
  class space    used 5844K, committed 6656K, reserved 425984K
}
Event: 658.317 GC heap before
{Heap before GC invocations=28 (full 0):
 garbage-first heap   total 106496K, used 50643K [0x0000000080000000, 0x0000000100000000)
  region size 1024K, 16 young (16384K), 1 survivors (1024K)
 Metaspace       used 40184K, committed 41792K, reserved 491520K
  class space    used 5845K, committed 6656K, reserved 425984K
}

